04-02 13:25:30 [DEBUG] MainProcess - root: Logging system initialized. Console: INFO, File: experiments/B1/condition_C/b1_coevolution.log
04-02 13:25:31 [INFO] MainProcess - __main__: B1 Co-Evolution | Condition C | Runs: [19, 20, 21, 22, 23, 24] | Workers: 10
04-02 13:25:31 [INFO] MainProcess - __main__: GA params: pop=50 gen=200 grid=10 morphogens=3 rollouts=20
04-02 13:25:31 [INFO] MainProcess - __main__: === Run 019 (seed=1019) ===
04-02 13:25:36 [INFO] MainProcess - MorphoNAS_PL.experimentB1_coevolution: Gen   0 | best=0.6901 avg=0.0213 viable=14/50 eta=+0.4718 decay=0.0570 eval=4.7s
04-02 13:26:22 [INFO] MainProcess - MorphoNAS_PL.experimentB1_coevolution: Gen  10 | best=1.0000 avg=0.4084 viable=46/50 eta=+0.1092 decay=0.0977 eval=7.0s
04-02 13:27:22 [INFO] MainProcess - MorphoNAS_PL.experimentB1_coevolution: Gen  20 | best=1.0000 avg=0.7782 viable=49/50 eta=+0.4785 decay=0.0475 eval=6.2s
04-02 13:29:22 [INFO] MainProcess - MorphoNAS_PL.experimentB1_coevolution: Gen  30 | best=1.0000 avg=0.9212 viable=48/50 eta=+0.4640 decay=0.0528 eval=9.9s
04-02 13:30:48 [INFO] MainProcess - MorphoNAS_PL.experimentB1_coevolution: Gen  40 | best=1.0000 avg=0.8801 viable=49/50 eta=+0.4813 decay=0.0475 eval=5.8s
04-02 13:54:09 [DEBUG] MainProcess - root: Logging system initialized. Console: INFO, File: experiments/B1/condition_C/b1_coevolution.log
04-02 13:54:10 [INFO] MainProcess - __main__: B1 Co-Evolution | Condition C | Runs: [19, 20, 21, 22, 23, 24] | Workers: 10
04-02 13:54:10 [INFO] MainProcess - __main__: GA params: pop=50 gen=200 grid=10 morphogens=3 rollouts=20
04-02 13:54:10 [INFO] MainProcess - __main__: === Run 019 (seed=1019) ===
04-02 13:54:10 [INFO] MainProcess - MorphoNAS_PL.experimentB1_coevolution: Resuming from generation 45 (50 individuals)
04-02 13:54:47 [INFO] MainProcess - MorphoNAS_PL.experimentB1_coevolution: Gen  50 | best=1.0000 avg=0.8368 viable=50/50 eta=+0.4503 decay=0.0475 eval=5.9s
04-02 13:56:07 [INFO] MainProcess - MorphoNAS_PL.experimentB1_coevolution: Gen  60 | best=1.0000 avg=0.9073 viable=48/50 eta=+0.4100 decay=0.0549 eval=8.6s
04-02 14:42:59 [DEBUG] MainProcess - root: Logging system initialized. Console: INFO, File: experiments/B1/condition_C/b1_coevolution.log
04-02 14:43:01 [INFO] MainProcess - __main__: B1 Co-Evolution | Condition C | Runs: [29] | Workers: 10
04-02 14:43:01 [INFO] MainProcess - __main__: GA params: pop=50 gen=200 grid=10 morphogens=3 rollouts=20
04-02 14:43:01 [INFO] MainProcess - __main__: === Run 029 (seed=1029) ===
04-02 14:43:03 [INFO] MainProcess - MorphoNAS_PL.experimentB1_coevolution: Gen   0 | best=0.2644 avg=0.0223 viable=21/50 eta=+0.0770 decay=0.0631 eval=2.6s
04-02 14:43:31 [INFO] MainProcess - MorphoNAS_PL.experimentB1_coevolution: Gen  10 | best=1.0000 avg=0.9413 viable=49/50 eta=+0.0217 decay=0.0727 eval=5.1s
04-02 14:44:19 [INFO] MainProcess - MorphoNAS_PL.experimentB1_coevolution: Gen  20 | best=1.0000 avg=0.8709 viable=49/50 eta=+0.0217 decay=0.0727 eval=3.8s
04-02 14:45:21 [INFO] MainProcess - MorphoNAS_PL.experimentB1_coevolution: Gen  30 | best=1.0000 avg=0.9034 viable=50/50 eta=+0.0033 decay=0.0727 eval=5.3s
04-02 14:46:18 [INFO] MainProcess - MorphoNAS_PL.experimentB1_coevolution: Gen  40 | best=1.0000 avg=0.9192 viable=50/50 eta=-0.1292 decay=0.0727 eval=6.0s
04-02 14:47:21 [INFO] MainProcess - MorphoNAS_PL.experimentB1_coevolution: Gen  50 | best=1.0000 avg=0.8449 viable=48/50 eta=-0.1621 decay=0.0754 eval=5.9s
04-02 14:48:17 [INFO] MainProcess - MorphoNAS_PL.experimentB1_coevolution: Gen  60 | best=1.0000 avg=0.9587 viable=50/50 eta=-0.1785 decay=0.0725 eval=7.3s
04-02 14:49:13 [INFO] MainProcess - MorphoNAS_PL.experimentB1_coevolution: Gen  70 | best=1.0000 avg=0.8591 viable=49/50 eta=-0.1785 decay=0.0725 eval=5.6s
04-02 14:50:05 [INFO] MainProcess - MorphoNAS_PL.experimentB1_coevolution: Gen  80 | best=1.0000 avg=0.9031 viable=50/50 eta=-0.1609 decay=0.0674 eval=5.6s
04-02 14:51:10 [INFO] MainProcess - MorphoNAS_PL.experimentB1_coevolution: Gen  90 | best=1.0000 avg=0.9009 viable=50/50 eta=-0.1258 decay=0.0642 eval=7.2s
04-02 14:52:01 [INFO] MainProcess - MorphoNAS_PL.experimentB1_coevolution: Gen 100 | best=1.0000 avg=0.8350 viable=49/50 eta=-0.2313 decay=0.0588 eval=5.0s
04-02 14:52:43 [INFO] MainProcess - MorphoNAS_PL.experimentB1_coevolution: Gen 110 | best=1.0000 avg=0.8636 viable=49/50 eta=-0.2313 decay=0.0642 eval=3.2s
04-02 14:53:19 [INFO] MainProcess - MorphoNAS_PL.experimentB1_coevolution: Gen 120 | best=1.0000 avg=0.9219 viable=49/50 eta=-0.2334 decay=0.0642 eval=5.1s
04-02 14:54:21 [INFO] MainProcess - MorphoNAS_PL.experimentB1_coevolution: Gen 130 | best=1.0000 avg=0.8627 viable=50/50 eta=-0.2715 decay=0.0642 eval=7.1s
04-02 14:55:21 [INFO] MainProcess - MorphoNAS_PL.experimentB1_coevolution: Gen 140 | best=1.0000 avg=0.8558 viable=47/50 eta=-0.4068 decay=0.0706 eval=7.0s
04-02 14:56:30 [INFO] MainProcess - MorphoNAS_PL.experimentB1_coevolution: Gen 150 | best=1.0000 avg=0.8934 viable=50/50 eta=-0.3674 decay=0.0589 eval=6.5s
04-02 14:57:29 [INFO] MainProcess - MorphoNAS_PL.experimentB1_coevolution: Gen 160 | best=1.0000 avg=0.8629 viable=48/50 eta=-0.3984 decay=0.0718 eval=5.7s
04-02 14:58:25 [INFO] MainProcess - MorphoNAS_PL.experimentB1_coevolution: Gen 170 | best=1.0000 avg=0.9383 viable=50/50 eta=-0.3518 decay=0.0718 eval=5.2s
04-02 14:59:13 [INFO] MainProcess - MorphoNAS_PL.experimentB1_coevolution: Gen 180 | best=1.0000 avg=0.8654 viable=48/50 eta=-0.2489 decay=0.0693 eval=5.1s
04-02 15:00:13 [INFO] MainProcess - MorphoNAS_PL.experimentB1_coevolution: Gen 190 | best=1.0000 avg=0.9228 viable=49/50 eta=-0.3518 decay=0.0735 eval=7.0s
04-02 15:01:12 [INFO] MainProcess - MorphoNAS_PL.experimentB1_coevolution: Gen 200 | best=1.0000 avg=0.9408 viable=49/50 eta=-0.2280 decay=0.0760 eval=7.0s
04-02 15:01:12 [INFO] MainProcess - MorphoNAS_PL.experimentB1_coevolution: GA complete: best_fitness=1.0000 reward=500.0 eta=-0.2280 decay=0.0760
04-02 15:01:12 [INFO] MainProcess - __main__: Run 029 done (201 generations). Total: 1 completed, 0 skipped, elapsed: 0.3h
04-02 15:01:12 [INFO] MainProcess - __main__: B1 complete: 1 runs finished, 0 skipped in 0.3h
